<?xml version='1.0' encoding='UTF-8'?>
<testsuite hostname="KIKE" name="com.lightbend.akka.sample.TestInnovation" tests="8" errors="0" failures="0" skipped="0" time="0.008">
                     <properties>
[...]
</properties>
                     <testcase classname="com.lightbend.akka.sample.TestInnovation" name="THe network schema settings object should be populated after startup with the appropriate Map" time="0.001">
                                                 
                                               </testcase><testcase classname="com.lightbend.akka.sample.TestInnovation" name="THe subnet schema settings object should be populated after startup with the appropriate Map" time="0.0">
                                                 
                                               </testcase><testcase classname="com.lightbend.akka.sample.TestInnovation" name="The subnets should be populated after startup with the appropriate Map" time="0.001">
                                                 
                                               </testcase><testcase classname="com.lightbend.akka.sample.TestInnovation" name="When an innovation occurs, the innovation id for networks should increase to 3" time="0.003">
                                                 
                                               </testcase><testcase classname="com.lightbend.akka.sample.TestInnovation" name="now, when we request the same connection again we should have the same id returned again" time="0.001">
                                                 
                                               </testcase><testcase classname="com.lightbend.akka.sample.TestInnovation" name="add another new one and we should get another new one" time="0.0">
                                                 
                                               </testcase><testcase classname="com.lightbend.akka.sample.TestInnovation" name="When a subnetwork innovation occurs, the innovation id for subnetworks should increase to 2" time="0.002">
                                                 
                                               </testcase><testcase classname="com.lightbend.akka.sample.TestInnovation" name="Just for comlpeteness when requested again we should get the same number again" time="0.0">
                                                 
                                               </testcase>
                     <system-out></system-out>
                     <system-err></system-err>
                   </testsuite>