<?xml version='1.0' encoding='UTF-8'?>
<testsuite hostname="cdtsweb463d" name="com.lightbend.akka.sample.TestWeight" tests="7" errors="0" failures="0" skipped="0" time="0.058">
                     <properties>
[...]
</properties>
                     <testcase classname="com.lightbend.akka.sample.TestWeight" name="A weight should have a value that's a double" time="0.054">
                                                 
                                               </testcase><testcase classname="com.lightbend.akka.sample.TestWeight" name="The weight should not be greater or less than specified boundary" time="0.001">
                                                 
                                               </testcase><testcase classname="com.lightbend.akka.sample.TestWeight" name="The weight should remain consistent each time it is accessed" time="0.001">
                                                 
                                               </testcase><testcase classname="com.lightbend.akka.sample.TestWeight" name="When two instances of weight exist the values should remain independent" time="0.001">
                                                 
                                               </testcase><testcase classname="com.lightbend.akka.sample.TestWeight" name="When two instances of weight exist the values should remain independent when the random values are automatically generated" time="0.0">
                                                 
                                               </testcase><testcase classname="com.lightbend.akka.sample.TestWeight" name="1" time="0.001">
                                                 
                                               </testcase><testcase classname="com.lightbend.akka.sample.TestWeight" name="manually setting the weight to 3 should set the weight to 3" time="0.0">
                                                 
                                               </testcase>
                     <system-out></system-out>
                     <system-err></system-err>
                   </testsuite>